<?xml version="1.0" encoding="UTF-8"?>
<testng-results ignored="0" total="2" passed="2" failed="0" skipped="0">
  <reporter-output>
    <line>
      <![CDATA[hello tc1]]>
    </line>
    <line>
      <![CDATA[hello tc2]]>
    </line>
  </reporter-output>
  <suite started-at="2022-12-28T15:46:41 IST" name="Suite" finished-at="2022-12-28T15:46:41 IST" duration-ms="141">
    <groups>
    </groups>
    <test started-at="2022-12-28T15:46:41 IST" name="Test" finished-at="2022-12-28T15:46:41 IST" duration-ms="141">
      <class name="scripts.Tc1">
        <test-method signature="demo()[pri:0, instance:scripts.Tc1@4ef37659]" started-at="2022-12-28T15:46:41 IST" name="demo" finished-at="2022-12-28T15:46:41 IST" duration-ms="26" status="PASS">
          <reporter-output>
            <line>
              <![CDATA[hello tc1]]>
            </line>
          </reporter-output>
        </test-method> <!-- demo -->
      </class> <!-- scripts.Tc1 -->
      <class name="scripts.Tc2">
        <test-method signature="demo()[pri:0, instance:scripts.Tc2@19d481b]" started-at="2022-12-28T15:46:41 IST" name="demo" finished-at="2022-12-28T15:46:41 IST" duration-ms="5" status="PASS">
          <reporter-output>
            <line>
              <![CDATA[hello tc2]]>
            </line>
          </reporter-output>
        </test-method> <!-- demo -->
      </class> <!-- scripts.Tc2 -->
    </test> <!-- Test -->
  </suite> <!-- Suite -->
</testng-results>
